<?xml version="1.0" encoding="UTF-8"?>
<beans xmlns="http://www.springframework.org/schema/beans"
	xmlns:xsi="http://www.w3.org/2001/XMLSchema-instance"
	xmlns:aop="http://www.springframework.org/schema/aop"
	xsi:schemaLocation="http://www.springframework.org/schema/beans
		http://www.springframework.org/schema/beans/spring-beans-3.0.xsd
		http://www.springframework.org/schema/aop
		http://www.springframework.org/schema/aop/spring-aop-3.0.xsd">
	
	<bean id="dataSource" class="org.springframework.jdbc.datasource.SimpleDriverDataSource">
		<property name="driverClass" value="org.mariadb.jdbc.Driver"></property>
		<property name="url" value="jdbc:mariadb://localhost:3306/study"></property>
		<property name="username" value="root"></property>
		<property name="password" value="kmk75042"></property>
	</bean>	
	
	<bean id="userDao" class="springbook.user.dao.UserSpringDaoJdbc">
		<property name="dataSource" ref="dataSource"></property>
	</bean>
	
	<bean id="transactionManager" class="org.springframework.jdbc.datasource.DataSourceTransactionManager">
		<property name="dataSource" ref="dataSource"></property>
	</bean>

	<bean id="mailSender" class="springbook.user.service.DummyMailSender"> </bean>
	
	<bean id="userService" class="springbook.user.service.UserServiceImpl">
		<property name="userDao" ref="userDao"></property>
		<property name="mailSender" ref="mailSender"></property>
	</bean>	
	
	<bean id="testUserService" class="springbook.user.service.UserServiceTest$TestUserServiceImpl" parent="userService"></bean>

	<bean id="transactionAdvice" class="springbook.user.service.TransactionAdvice">
		<property name="transactionManager" ref="transactionManager"></property>
	</bean>
	
	<aop:config>
		<aop:pointcut id="transactionPointcut" expression="execution(* springbook..*Impl.upgrade*(..))" />
		<aop:advisor advice-ref="transactionAdvice" pointcut-ref="transactionPointcut" />
	</aop:config>


</beans>