<?xml version="1.0" encoding="UTF-8"?>
<beans xmlns="http://www.springframework.org/schema/beans"
	xmlns:xsi="http://www.w3.org/2001/XMLSchema-instance"
	xsi:schemaLocation="http://www.springframework.org/schema/beans
		http://www.springframework.org/schema/beans/spring-beans-3.0.xsd">
	
	<bean id="dataSource" class="org.springframework.jdbc.datasource.SimpleDriverDataSource">
		<property name="driverClass" value="org.mariadb.jdbc.Driver"></property>
		<property name="url" value="jdbc:mariadb://localhost:3306/study"></property>
		<property name="username" value="root"></property>
		<property name="password" value="kmk75042"></property>
	</bean>	
	
	<!-- 	
	<bean id="userService" class="springbook.user.service.UserService">
		<property name="userDao" ref="userDao"></property>
		<property name="dataSource" ref="dataSource"></property>
		<property name="transactionManager" ref="transactionManager"></property>
		<property name="mailSender" ref="mailSender"></property>
	</bean>
	-->
	 
	<bean id="userDao" class="springbook.user.dao.UserSpringDaoJdbc">
		<property name="dataSource" ref="dataSource"></property>
	</bean>
	
	<bean id="transactionManager" class="org.springframework.jdbc.datasource.DataSourceTransactionManager">
		<property name="dataSource" ref="dataSource"></property>
	</bean>
	<!-- 	
	<bean id="mailSender" class="org.springframework.mail.javamail.JavaMailSenderImpl">
		<property name="host" value="mail.server.com"></property>
	</bean>
	-->
	<bean id="mailSender" class="springbook.user.service.DummyMailSender">
	</bean>
	
	<!-- 
	
	<bean id="userService" class="springbook.user.service.TxProxyFactoryBean">
		<property name="transactionManager" ref="transactionManager"></property>
		<property name="target" ref="userServiceImpl"></property>
		<property name="pattern" value="upgradeLevels"></property>
		<property name="serviceInterface" value="springbook.user.service.UserService"></property>
	</bean>
	
	-->
	<!-- 
	<bean id="userService" class="org.springframework.aop.framework.ProxyFactoryBean">
		<property name="target" ref="userServiceImpl"></property>
		<property name="interceptorNames">
			<list>
				<value>transactionAdvisor</value>
			</list>
		</property>
	</bean>
	-->
	
	<bean id="userService" class="springbook.user.service.UserServiceImpl">
		<property name="userDao" ref="userDao"></property>
		<property name="mailSender" ref="mailSender"></property>
	</bean>	
	
	<bean id="testUserService" class="springbook.user.service.UserServiceTest$TestUserServiceImpl" parent="userService"></bean>
	

	<bean id="transactionAdvice" class="springbook.user.service.TransactionAdvice">
		<property name="transactionManager" ref="transactionManager"></property>
	</bean>
	
<!-- 	<bean id="transactionPointcut" class="springbook.service.NameMatchClassMethodPointcut">
		<property name="mappedClassName" value="*Impl"></property>
		<property name="mappedName" value="upgrade*"></property>
	</bean> -->
	
	<bean id="transactionPointcut" class="org.springframework.aop.aspectj.AspectJExpressionPointcut">
		<property name="expression" value="execution(* springbook..*Impl.upgrade*(..))"></property>
	</bean>
	<bean id="transactionAdvisor"  class="org.springframework.aop.support.DefaultPointcutAdvisor">
		<property name="advice" ref="transactionAdvice"></property>
		<property name="pointcut" ref="transactionPointcut"></property>
	</bean>
	
	<bean class="org.springframework.aop.framework.autoproxy.DefaultAdvisorAutoProxyCreator"></bean>
	<!--  <bean id="connectionMaker" class="springbook.user.dao.NConnectionMaker"></bean> -->


</beans>