<?xml version="1.0" encoding="UTF-8"?>
<beans xmlns="http://www.springframework.org/schema/beans"
	xmlns:xsi="http://www.w3.org/2001/XMLSchema-instance"
	xsi:schemaLocation="http://www.springframework.org/schema/beans
		http://www.springframework.org/schema/beans/spring-beans-3.0.xsd">
	
	<bean id="dataSource" class="org.springframework.jdbc.datasource.SimpleDriverDataSource">
		<property name="driverClass" value="org.mariadb.jdbc.Driver"></property>
		<property name="url" value="jdbc:mariadb://localhost:3306/study"></property>
		<property name="username" value="root"></property>
		<property name="password" value="kmk75042"></property>
	</bean>	
	
	<!-- 	
	<bean id="userService" class="springbook.user.service.UserService">
		<property name="userDao" ref="userDao"></property>
		<property name="dataSource" ref="dataSource"></property>
		<property name="transactionManager" ref="transactionManager"></property>
		<property name="mailSender" ref="mailSender"></property>
	</bean>
	-->
	 
	<bean id="userDao" class="springbook.user.dao.UserSpringDaoJdbc">
		<property name="dataSource" ref="dataSource"></property>
	</bean>
	
	<bean id="transactionManager" class="org.springframework.jdbc.datasource.DataSourceTransactionManager">
		<property name="dataSource" ref="dataSource"></property>
	</bean>
	<!-- 	
	<bean id="mailSender" class="org.springframework.mail.javamail.JavaMailSenderImpl">
		<property name="host" value="mail.server.com"></property>
	</bean>
	-->
	<bean id="mailSender" class="springbook.user.service.DummyMailSender">
	</bean>
	
	<bean id="userService" class="springbook.user.service.TxProxyFactoryBean">
		<property name="transactionManager" ref="transactionManager"></property>
		<property name="target" ref="userServiceImpl"></property>
		<property name="pattern" value="upgradeLevels"></property>
		<property name="serviceInterface" value="springbook.user.service.UserService"></property>
	</bean>
	
	<bean id="userServiceImpl" class="springbook.user.service.UserServiceImpl">
		<property name="userDao" ref="userDao"></property>
		<property name="mailSender" ref="mailSender"></property>
	</bean>	

	
	<!--  <bean id="connectionMaker" class="springbook.user.dao.NConnectionMaker"></bean> -->

</beans>